2015/01/07 18:45:25 [error] [exception.CDbException] exception 'CDbException' with message 'CDbConnection failed to open the DB connection: SQLSTATE[HY000] [1044] Accès refusé pour l'utilisateur: ''@'@localhost'. Base 'dz_ycms'' in D:\wamp\www\yii\framework\db\CDbConnection.php:382
Stack trace:
#0 D:\wamp\www\yii\framework\db\CDbConnection.php(330): CDbConnection->open()
#1 D:\wamp\www\yii\framework\db\CDbConnection.php(308): CDbConnection->setActive(true)
#2 D:\wamp\www\yii\framework\base\CModule.php(387): CDbConnection->init()
#3 D:\wamp\www\yii\framework\base\CModule.php(103): CModule->getComponent('db')
#4 D:\wamp\www\yii\framework\gii\generators\model\ModelCode.php(60): CModule->__get('db')
#5 D:\wamp\www\yii\framework\web\CFormModel.php(39): ModelCode->init()
#6 D:\wamp\www\yii\framework\gii\CCodeGenerator.php(153): CFormModel->__construct()
#7 D:\wamp\www\yii\framework\gii\CCodeGenerator.php(63): CCodeGenerator->prepare()
#8 D:\wamp\www\yii\framework\web\actions\CInlineAction.php(49): CCodeGenerator->actionIndex()
#9 D:\wamp\www\yii\framework\web\CController.php(308): CInlineAction->runWithParams(Array)
#10 D:\wamp\www\yii\framework\web\CController.php(286): CController->runAction(Object(CInlineAction))
#11 D:\wamp\www\yii\framework\web\CController.php(265): CController->runActionWithFilters(Object(CInlineAction), Array)
#12 D:\wamp\www\yii\framework\web\CWebApplication.php(282): CController->run('index')
#13 D:\wamp\www\yii\framework\web\CWebApplication.php(141): CWebApplication->runController('gii/model/index')
#14 D:\wamp\www\yii\framework\base\CApplication.php(180): CWebApplication->processRequest()
#15 D:\wamp\www\ywebsite\index.php(13): CApplication->run()
#16 {main}
REQUEST_URI=/ywebsite/index.php?r=gii/model/index
HTTP_REFERER=http://localhost/ywebsite/index.php?r=gii/default/index
---
2015/01/07 18:51:21 [error] [exception.CHttpException.404] exception 'CHttpException' with message 'Unable to resolve the request "user".' in D:\wamp\www\yii\framework\web\CWebApplication.php:286
Stack trace:
#0 D:\wamp\www\yii\framework\web\CWebApplication.php(141): CWebApplication->runController('user')
#1 D:\wamp\www\yii\framework\base\CApplication.php(180): CWebApplication->processRequest()
#2 D:\wamp\www\ywebsite\index.php(13): CApplication->run()
#3 {main}
REQUEST_URI=/ywebsite/index.php?r=user
---
2015/01/07 18:51:38 [error] [exception.CHttpException.404] exception 'CHttpException' with message 'Unable to resolve the request "user".' in D:\wamp\www\yii\framework\web\CWebApplication.php:286
Stack trace:
#0 D:\wamp\www\yii\framework\web\CWebApplication.php(141): CWebApplication->runController('user')
#1 D:\wamp\www\yii\framework\base\CApplication.php(180): CWebApplication->processRequest()
#2 D:\wamp\www\ywebsite\index.php(13): CApplication->run()
#3 {main}
REQUEST_URI=/ywebsite/index.php?r=user
---
2015/01/07 18:51:59 [error] [exception.CHttpException.404] exception 'CHttpException' with message 'Unable to resolve the request "User".' in D:\wamp\www\yii\framework\web\CWebApplication.php:286
Stack trace:
#0 D:\wamp\www\yii\framework\web\CWebApplication.php(141): CWebApplication->runController('User')
#1 D:\wamp\www\yii\framework\base\CApplication.php(180): CWebApplication->processRequest()
#2 D:\wamp\www\ywebsite\index.php(13): CApplication->run()
#3 {main}
REQUEST_URI=/ywebsite/index.php?r=User
---
2015/01/07 18:52:35 [error] [exception.CHttpException.404] exception 'CHttpException' with message 'Unable to resolve the request "user".' in D:\wamp\www\yii\framework\web\CWebApplication.php:286
Stack trace:
#0 D:\wamp\www\yii\framework\web\CWebApplication.php(141): CWebApplication->runController('user')
#1 D:\wamp\www\yii\framework\base\CApplication.php(180): CWebApplication->processRequest()
#2 D:\wamp\www\ywebsite\index.php(13): CApplication->run()
#3 {main}
REQUEST_URI=/ywebsite/index.php?r=user
---
2015/01/13 15:16:50 [error] [exception.CHttpException.404] exception 'CHttpException' with message 'Unable to resolve the request "user".' in D:\wamp\www\yii\framework\web\CWebApplication.php:286
Stack trace:
#0 D:\wamp\www\yii\framework\web\CWebApplication.php(141): CWebApplication->runController('user')
#1 D:\wamp\www\yii\framework\base\CApplication.php(180): CWebApplication->processRequest()
#2 D:\wamp\www\ywebsite\index.php(13): CApplication->run()
#3 {main}
REQUEST_URI=/ywebsite/index.php?r=user
---
2015/01/13 15:16:54 [error] [exception.CHttpException.404] exception 'CHttpException' with message 'Unable to resolve the request "user/login".' in D:\wamp\www\yii\framework\web\CWebApplication.php:286
Stack trace:
#0 D:\wamp\www\yii\framework\web\CWebApplication.php(141): CWebApplication->runController('user/login')
#1 D:\wamp\www\yii\framework\base\CApplication.php(180): CWebApplication->processRequest()
#2 D:\wamp\www\ywebsite\index.php(13): CApplication->run()
#3 {main}
REQUEST_URI=/ywebsite/index.php?r=user/login
---
2015/01/13 15:19:53 [error] [exception.CHttpException.404] exception 'CHttpException' with message 'Unable to resolve the request "user/login".' in D:\wamp\www\yii\framework\web\CWebApplication.php:286
Stack trace:
#0 D:\wamp\www\yii\framework\web\CWebApplication.php(141): CWebApplication->runController('user/login')
#1 D:\wamp\www\yii\framework\base\CApplication.php(180): CWebApplication->processRequest()
#2 D:\wamp\www\ywebsite\index.php(13): CApplication->run()
#3 {main}
REQUEST_URI=/ywebsite/index.php?r=user/login
---
2015/01/13 15:19:58 [error] [exception.CHttpException.404] exception 'CHttpException' with message 'Unable to resolve the request "user/login".' in D:\wamp\www\yii\framework\web\CWebApplication.php:286
Stack trace:
#0 D:\wamp\www\yii\framework\web\CWebApplication.php(141): CWebApplication->runController('user/login')
#1 D:\wamp\www\yii\framework\base\CApplication.php(180): CWebApplication->processRequest()
#2 D:\wamp\www\ywebsite\index.php(13): CApplication->run()
#3 {main}
REQUEST_URI=/ywebsite/index.php?r=user/login
---
2015/01/13 15:20:00 [error] [exception.CHttpException.404] exception 'CHttpException' with message 'Unable to resolve the request "user/login".' in D:\wamp\www\yii\framework\web\CWebApplication.php:286
Stack trace:
#0 D:\wamp\www\yii\framework\web\CWebApplication.php(141): CWebApplication->runController('user/login')
#1 D:\wamp\www\yii\framework\base\CApplication.php(180): CWebApplication->processRequest()
#2 D:\wamp\www\ywebsite\index.php(13): CApplication->run()
#3 {main}
REQUEST_URI=/ywebsite/index.php?r=user/login
---
2015/01/13 15:20:34 [error] [exception.CHttpException.404] exception 'CHttpException' with message 'Unable to resolve the request "user/login".' in D:\wamp\www\yii\framework\web\CWebApplication.php:286
Stack trace:
#0 D:\wamp\www\yii\framework\web\CWebApplication.php(141): CWebApplication->runController('user/login')
#1 D:\wamp\www\yii\framework\base\CApplication.php(180): CWebApplication->processRequest()
#2 D:\wamp\www\ywebsite\index.php(13): CApplication->run()
#3 {main}
REQUEST_URI=/ywebsite/index.php?r=user/login
---
2015/01/13 18:53:21 [error] [php] Use of undefined constant FRONT_CSS_URLL - assumed 'FRONT_CSS_URLL' (D:\wamp\www\ywebsite\protected\views\layouts\shop.php:17)
Stack trace:
#0 D:\wamp\www\yii\framework\web\CController.php(784): SiteController->renderFile()
#1 D:\wamp\www\ywebsite\protected\controllers\SiteController.php(32): SiteController->render()
#2 D:\wamp\www\yii\framework\web\actions\CInlineAction.php(49): SiteController->actionIndex()
#3 D:\wamp\www\yii\framework\web\CController.php(308): CInlineAction->runWithParams()
#4 D:\wamp\www\yii\framework\web\CController.php(286): SiteController->runAction()
#5 D:\wamp\www\yii\framework\web\CController.php(265): SiteController->runActionWithFilters()
#6 D:\wamp\www\yii\framework\web\CWebApplication.php(282): SiteController->run()
#7 D:\wamp\www\yii\framework\web\CWebApplication.php(141): CWebApplication->runController()
#8 D:\wamp\www\yii\framework\base\CApplication.php(180): CWebApplication->processRequest()
#9 D:\wamp\www\ywebsite\index.php(14): CWebApplication->run()
REQUEST_URI=/ywebsite/index.php
in D:\wamp\www\ywebsite\protected\views\layouts\shop.php (17)
in D:\wamp\www\ywebsite\protected\controllers\SiteController.php (32)
in D:\wamp\www\ywebsite\index.php (14)
2015/01/14 16:46:49 [error] [exception.CHttpException.404] exception 'CHttpException' with message 'Unable to resolve the request "houtai".' in D:\wamp\www\yii\framework\web\CWebApplication.php:286
Stack trace:
#0 D:\wamp\www\yii\framework\web\CWebApplication.php(141): CWebApplication->runController('houtai')
#1 D:\wamp\www\yii\framework\base\CApplication.php(180): CWebApplication->processRequest()
#2 D:\wamp\www\ywebsite\index.php(14): CApplication->run()
#3 {main}
REQUEST_URI=/ywebsite/index.php?r=houtai
---
2015/01/14 17:10:00 [error] [exception.CHttpException.404] exception 'CHttpException' with message 'Unable to resolve the request "houtai".' in D:\wamp\www\yii\framework\web\CWebApplication.php:286
Stack trace:
#0 D:\wamp\www\yii\framework\web\CWebApplication.php(141): CWebApplication->runController('houtai')
#1 D:\wamp\www\yii\framework\base\CApplication.php(180): CWebApplication->processRequest()
#2 D:\wamp\www\ywebsite\index.php(14): CApplication->run()
#3 {main}
REQUEST_URI=/ywebsite/index.php?r=houtai
---
2015/01/16 14:39:59 [error] [exception.CHttpException.404] exception 'CHttpException' with message 'Unable to resolve the request "goods/cat".' in D:\wamp\www\yii\framework\web\CWebApplication.php:286
Stack trace:
#0 D:\wamp\www\yii\framework\web\CWebApplication.php(141): CWebApplication->runController('goods/cat')
#1 D:\wamp\www\yii\framework\base\CApplication.php(180): CWebApplication->processRequest()
#2 D:\wamp\www\ywebsite\index.php(14): CApplication->run()
#3 {main}
REQUEST_URI=/ywebsite/index.php?r=goods/cat
---
2015/01/15 17:55:52 [error] [exception.CException] exception 'CException' with message 'Property "CDbConnection.tablePreffix" is not defined.' in D:\wamp\www\yii\framework\base\CComponent.php:173
Stack trace:
#0 D:\wamp\www\yii\framework\YiiBase.php(220): CComponent->__set('tablePreffix', 'dz_')
#1 D:\wamp\www\yii\framework\base\CModule.php(386): YiiBase::createComponent(Array)
#2 D:\wamp\www\yii\framework\base\CModule.php(103): CModule->getComponent('db')
#3 D:\wamp\www\ywebsite\protected\controllers\UserController.php(13): CModule->__get('db')
#4 D:\wamp\www\yii\framework\web\actions\CInlineAction.php(49): UserController->actionLogin()
#5 D:\wamp\www\yii\framework\web\CController.php(308): CInlineAction->runWithParams(Array)
#6 D:\wamp\www\yii\framework\web\CController.php(286): CController->runAction(Object(CInlineAction))
#7 D:\wamp\www\yii\framework\web\CController.php(265): CController->runActionWithFilters(Object(CInlineAction), Array)
#8 D:\wamp\www\yii\framework\web\CWebApplication.php(282): CController->run('login')
#9 D:\wamp\www\yii\framework\web\CWebApplication.php(141): CWebApplication->runController('user/login')
#10 D:\wamp\www\yii\framework\base\CApplication.php(180): CWebApplication->processRequest()
#11 D:\wamp\www\ywebsite\index.php(14): CApplication->run()
#12 {main}
REQUEST_URI=/ywebsite/index.php?r=user/login
---
2015/01/15 17:57:34 [error] [exception.CException] exception 'CException' with message 'Property "CDbConnection.tablePreffix" is not defined.' in D:\wamp\www\yii\framework\base\CComponent.php:173
Stack trace:
#0 D:\wamp\www\yii\framework\YiiBase.php(220): CComponent->__set('tablePreffix', 'dz_')
#1 D:\wamp\www\yii\framework\base\CModule.php(386): YiiBase::createComponent(Array)
#2 D:\wamp\www\yii\framework\base\CModule.php(103): CModule->getComponent('db')
#3 D:\wamp\www\ywebsite\protected\controllers\UserController.php(13): CModule->__get('db')
#4 D:\wamp\www\yii\framework\web\actions\CInlineAction.php(49): UserController->actionLogin()
#5 D:\wamp\www\yii\framework\web\CController.php(308): CInlineAction->runWithParams(Array)
#6 D:\wamp\www\yii\framework\web\CController.php(286): CController->runAction(Object(CInlineAction))
#7 D:\wamp\www\yii\framework\web\CController.php(265): CController->runActionWithFilters(Object(CInlineAction), Array)
#8 D:\wamp\www\yii\framework\web\CWebApplication.php(282): CController->run('login')
#9 D:\wamp\www\yii\framework\web\CWebApplication.php(141): CWebApplication->runController('user/login')
#10 D:\wamp\www\yii\framework\base\CApplication.php(180): CWebApplication->processRequest()
#11 D:\wamp\www\ywebsite\index.php(14): CApplication->run()
#12 {main}
REQUEST_URI=/ywebsite/index.php?r=user/login
---
2015/01/18 14:34:06 [error] [exception.CHttpException.404] exception 'CHttpException' with message 'Unable to resolve the request "houtai/goods/FindAll".' in D:\wamp\www\yii\framework\web\CWebApplication.php:286
Stack trace:
#0 D:\wamp\www\yii\framework\web\CWebApplication.php(141): CWebApplication->runController('houtai/goods/Fi...')
#1 D:\wamp\www\yii\framework\base\CApplication.php(180): CWebApplication->processRequest()
#2 D:\wamp\www\ywebsite\index.php(14): CApplication->run()
#3 {main}
REQUEST_URI=/ywebsite/index.php?r=houtai/goods/FindAll
---
2015/01/18 14:36:57 [error] [exception.CHttpException.404] exception 'CHttpException' with message 'Unable to resolve the request "houtai/goods/index".' in D:\wamp\www\yii\framework\web\CWebApplication.php:286
Stack trace:
#0 D:\wamp\www\yii\framework\web\CWebApplication.php(141): CWebApplication->runController('houtai/goods/in...')
#1 D:\wamp\www\yii\framework\base\CApplication.php(180): CWebApplication->processRequest()
#2 D:\wamp\www\ywebsite\index.php(14): CApplication->run()
#3 {main}
REQUEST_URI=/ywebsite/index.php?r=houtai/goods/index
---
2015/01/18 14:37:07 [error] [exception.CHttpException.404] exception 'CHttpException' with message 'Unable to resolve the request "houtai/goods/Index".' in D:\wamp\www\yii\framework\web\CWebApplication.php:286
Stack trace:
#0 D:\wamp\www\yii\framework\web\CWebApplication.php(141): CWebApplication->runController('houtai/goods/In...')
#1 D:\wamp\www\yii\framework\base\CApplication.php(180): CWebApplication->processRequest()
#2 D:\wamp\www\ywebsite\index.php(14): CApplication->run()
#3 {main}
REQUEST_URI=/ywebsite/index.php?r=houtai/goods/Index
---
2015/01/18 14:37:25 [error] [exception.CHttpException.404] exception 'CHttpException' with message 'The system is unable to find the requested action "login".' in D:\wamp\www\yii\framework\web\CController.php:483
Stack trace:
#0 D:\wamp\www\yii\framework\web\CController.php(270): CController->missingAction('login')
#1 D:\wamp\www\yii\framework\web\CWebApplication.php(282): CController->run('login')
#2 D:\wamp\www\yii\framework\web\CWebApplication.php(141): CWebApplication->runController('houtai/manager/...')
#3 D:\wamp\www\yii\framework\base\CApplication.php(180): CWebApplication->processRequest()
#4 D:\wamp\www\ywebsite\index.php(14): CApplication->run()
#5 {main}
REQUEST_URI=/ywebsite/index.php?r=houtai/manager/login
---
2015/01/18 14:39:35 [error] [exception.CHttpException.404] exception 'CHttpException' with message 'Unable to resolve the request "houtai/goods/".' in D:\wamp\www\yii\framework\web\CWebApplication.php:286
Stack trace:
#0 D:\wamp\www\yii\framework\web\CWebApplication.php(141): CWebApplication->runController('houtai/goods/')
#1 D:\wamp\www\yii\framework\base\CApplication.php(180): CWebApplication->processRequest()
#2 D:\wamp\www\ywebsite\index.php(14): CApplication->run()
#3 {main}
REQUEST_URI=/ywebsite/index.php?r=houtai/goods/
---
2015/01/19 01:29:55 [error] [exception.CHttpException.404] exception 'CHttpException' with message 'Unable to resolve the request "address/find".' in D:\wamp\www\yii\framework\web\CWebApplication.php:286
Stack trace:
#0 D:\wamp\www\yii\framework\web\CWebApplication.php(141): CWebApplication->runController('address/find')
#1 D:\wamp\www\yii\framework\base\CApplication.php(180): CWebApplication->processRequest()
#2 D:\wamp\www\ywebsite\index.php(14): CApplication->run()
#3 {main}
REQUEST_URI=/ywebsite/index.php?r=address/find
---
